2012/12/13 14:50:07 [error] [exception.CException] exception 'CException' with message '属性 "Posts.updated" 未被定义.' in C:\xampp\htdocs\wdblog\yii\framework\base\CComponent.php:130
Stack trace:
#0 C:\xampp\htdocs\wdblog\yii\framework\db\ar\CActiveRecord.php(143): CComponent->__get('updated')
#1 C:\xampp\htdocs\wdblog\protected\models\Posts.php(182): CActiveRecord->__get('updated')
#2 C:\xampp\htdocs\wdblog\protected\views\posts\admin.php(18): Posts->search()
#3 C:\xampp\htdocs\wdblog\yii\framework\web\CBaseController.php(126): require('C:\xampp\htdocs...')
#4 C:\xampp\htdocs\wdblog\yii\framework\web\CBaseController.php(95): CBaseController->renderInternal('C:\xampp\htdocs...', Array, true)
#5 C:\xampp\htdocs\wdblog\yii\framework\web\CController.php(869): CBaseController->renderFile('C:\xampp\htdocs...', Array, true)
#6 C:\xampp\htdocs\wdblog\yii\framework\web\CController.php(782): CController->renderPartial('admin', Array, true)
#7 C:\xampp\htdocs\wdblog\protected\controllers\PostsController.php(164): CController->render('admin', Array)
#8 C:\xampp\htdocs\wdblog\yii\framework\web\actions\CInlineAction.php(49): PostsController->actionAdmin()
#9 C:\xampp\htdocs\wdblog\yii\framework\web\CController.php(308): CInlineAction->runWithParams(Array)
#10 C:\xampp\htdocs\wdblog\yii\framework\web\filters\CFilterChain.php(133): CController->runAction(Object(CInlineAction))
#11 C:\xampp\htdocs\wdblog\yii\framework\web\filters\CFilter.php(40): CFilterChain->run()
#12 C:\xampp\htdocs\wdblog\yii\framework\web\CController.php(1145): CFilter->filter(Object(CFilterChain))
#13 C:\xampp\htdocs\wdblog\yii\framework\web\filters\CInlineFilter.php(58): CController->filterAccessControl(Object(CFilterChain))
#14 C:\xampp\htdocs\wdblog\yii\framework\web\filters\CFilterChain.php(130): CInlineFilter->filter(Object(CFilterChain))
#15 C:\xampp\htdocs\wdblog\yii\framework\web\CController.php(291): CFilterChain->run()
#16 C:\xampp\htdocs\wdblog\yii\framework\web\CController.php(265): CController->runActionWithFilters(Object(CInlineAction), Array)
#17 C:\xampp\htdocs\wdblog\yii\framework\web\CWebApplication.php(282): CController->run('admin')
#18 C:\xampp\htdocs\wdblog\yii\framework\web\CWebApplication.php(141): CWebApplication->runController('posts/admin')
#19 C:\xampp\htdocs\wdblog\yii\framework\base\CApplication.php(169): CWebApplication->processRequest()
#20 C:\xampp\htdocs\wdblog\index.php(13): CApplication->run()
#21 {main}
REQUEST_URI=/wdblog/index.php?r=posts/admin
HTTP_REFERER=http://localhost/wdblog/index.php
---
2012/12/13 15:43:40 [error] [exception.CException] exception 'CException' with message '别名 "bootstrap.widgets.TbCarousel" 是无效的. 请确定它指向一个已存在的目录或文件.' in C:\xampp\htdocs\wdblog\yii\framework\YiiBase.php:341
Stack trace:
#0 C:\xampp\htdocs\wdblog\yii\framework\web\CWidgetFactory.php(146): YiiBase::import('bootstrap.widge...', true)
#1 C:\xampp\htdocs\wdblog\yii\framework\web\CBaseController.php(146): CWidgetFactory->createWidget(Object(PostsController), 'bootstrap.widge...', Array)
#2 C:\xampp\htdocs\wdblog\yii\framework\web\CBaseController.php(172): CBaseController->createWidget('bootstrap.widge...', Array)
#3 C:\xampp\htdocs\wdblog\protected\views\layouts\main.php(34): CBaseController->widget('bootstrap.widge...', Array)
#4 C:\xampp\htdocs\wdblog\yii\framework\web\CBaseController.php(126): require('C:\xampp\htdocs...')
#5 C:\xampp\htdocs\wdblog\yii\framework\web\CBaseController.php(95): CBaseController->renderInternal('C:\xampp\htdocs...', Array, true)
#6 C:\xampp\htdocs\wdblog\yii\framework\web\widgets\CContentDecorator.php(76): CBaseController->renderFile('C:\xampp\htdocs...', Array, true)
#7 C:\xampp\htdocs\wdblog\yii\framework\web\widgets\CContentDecorator.php(54): CContentDecorator->decorate('<div class="lef...')
#8 C:\xampp\htdocs\wdblog\yii\framework\web\widgets\COutputProcessor.php(44): CContentDecorator->processOutput('<div class="lef...')
#9 C:\xampp\htdocs\wdblog\yii\framework\web\CBaseController.php(206): COutputProcessor->run()
#10 C:\xampp\htdocs\wdblog\yii\framework\web\CBaseController.php(300): CBaseController->endWidget('CContentDecorat...')
#11 C:\xampp\htdocs\wdblog\protected\views\layouts\column2.php(40): CBaseController->endContent()
#12 C:\xampp\htdocs\wdblog\yii\framework\web\CBaseController.php(126): require('C:\xampp\htdocs...')
#13 C:\xampp\htdocs\wdblog\yii\framework\web\CBaseController.php(95): CBaseController->renderInternal('C:\xampp\htdocs...', Array, true)
#14 C:\xampp\htdocs\wdblog\yii\framework\web\CController.php(784): CBaseController->renderFile('C:\xampp\htdocs...', Array, true)
#15 C:\xampp\htdocs\wdblog\protected\controllers\PostsController.php(149): CController->render('index', Array)
#16 C:\xampp\htdocs\wdblog\yii\framework\web\actions\CInlineAction.php(49): PostsController->actionIndex()
#17 C:\xampp\htdocs\wdblog\yii\framework\web\CController.php(308): CInlineAction->runWithParams(Array)
#18 C:\xampp\htdocs\wdblog\yii\framework\web\filters\CFilterChain.php(133): CController->runAction(Object(CInlineAction))
#19 C:\xampp\htdocs\wdblog\yii\framework\web\filters\CFilter.php(40): CFilterChain->run()
#20 C:\xampp\htdocs\wdblog\yii\framework\web\CController.php(1145): CFilter->filter(Object(CFilterChain))
#21 C:\xampp\htdocs\wdblog\yii\framework\web\filters\CInlineFilter.php(58): CController->filterAccessControl(Object(CFilterChain))
#22 C:\xampp\htdocs\wdblog\yii\framework\web\filters\CFilterChain.php(130): CInlineFilter->filter(Object(CFilterChain))
#23 C:\xampp\htdocs\wdblog\yii\framework\web\CController.php(291): CFilterChain->run()
#24 C:\xampp\htdocs\wdblog\yii\framework\web\CController.php(265): CController->runActionWithFilters(Object(CInlineAction), Array)
#25 C:\xampp\htdocs\wdblog\yii\framework\web\CWebApplication.php(282): CController->run('index')
#26 C:\xampp\htdocs\wdblog\yii\framework\web\CWebApplication.php(141): CWebApplication->runController('posts/index')
#27 C:\xampp\htdocs\wdblog\yii\framework\base\CApplication.php(169): CWebApplication->processRequest()
#28 C:\xampp\htdocs\wdblog\index.php(13): CApplication->run()
#29 {main}
REQUEST_URI=/wdblog/index.php?r=posts/index
HTTP_REFERER=http://localhost/wdblog/index.php?r=posts/index
---
2012/12/13 16:05:25 [error] [exception.CException] exception 'CException' with message '属性 "TbCarousel.dataProvider" 未被定义.' in C:\xampp\htdocs\wdblog\yii\framework\base\CComponent.php:173
Stack trace:
#0 C:\xampp\htdocs\wdblog\yii\framework\web\CWidgetFactory.php(161): CComponent->__set('dataProvider', Object(CActiveDataProvider))
#1 C:\xampp\htdocs\wdblog\yii\framework\web\CBaseController.php(146): CWidgetFactory->createWidget(Object(PostsController), 'bootstrap.widge...', Array)
#2 C:\xampp\htdocs\wdblog\yii\framework\web\CBaseController.php(172): CBaseController->createWidget('bootstrap.widge...', Array)
#3 C:\xampp\htdocs\wdblog\protected\views\posts\index.php(11): CBaseController->widget('bootstrap.widge...', Array)
#4 C:\xampp\htdocs\wdblog\yii\framework\web\CBaseController.php(126): require('C:\xampp\htdocs...')
#5 C:\xampp\htdocs\wdblog\yii\framework\web\CBaseController.php(95): CBaseController->renderInternal('C:\xampp\htdocs...', Array, true)
#6 C:\xampp\htdocs\wdblog\yii\framework\web\CController.php(869): CBaseController->renderFile('C:\xampp\htdocs...', Array, true)
#7 C:\xampp\htdocs\wdblog\yii\framework\web\CController.php(782): CController->renderPartial('index', Array, true)
#8 C:\xampp\htdocs\wdblog\protected\controllers\PostsController.php(149): CController->render('index', Array)
#9 C:\xampp\htdocs\wdblog\yii\framework\web\actions\CInlineAction.php(49): PostsController->actionIndex()
#10 C:\xampp\htdocs\wdblog\yii\framework\web\CController.php(308): CInlineAction->runWithParams(Array)
#11 C:\xampp\htdocs\wdblog\yii\framework\web\filters\CFilterChain.php(133): CController->runAction(Object(CInlineAction))
#12 C:\xampp\htdocs\wdblog\yii\framework\web\filters\CFilter.php(40): CFilterChain->run()
#13 C:\xampp\htdocs\wdblog\yii\framework\web\CController.php(1145): CFilter->filter(Object(CFilterChain))
#14 C:\xampp\htdocs\wdblog\yii\framework\web\filters\CInlineFilter.php(58): CController->filterAccessControl(Object(CFilterChain))
#15 C:\xampp\htdocs\wdblog\yii\framework\web\filters\CFilterChain.php(130): CInlineFilter->filter(Object(CFilterChain))
#16 C:\xampp\htdocs\wdblog\yii\framework\web\CController.php(291): CFilterChain->run()
#17 C:\xampp\htdocs\wdblog\yii\framework\web\CController.php(265): CController->runActionWithFilters(Object(CInlineAction), Array)
#18 C:\xampp\htdocs\wdblog\yii\framework\web\CWebApplication.php(282): CController->run('')
#19 C:\xampp\htdocs\wdblog\yii\framework\web\CWebApplication.php(141): CWebApplication->runController('')
#20 C:\xampp\htdocs\wdblog\yii\framework\base\CApplication.php(169): CWebApplication->processRequest()
#21 C:\xampp\htdocs\wdblog\index.php(13): CApplication->run()
#22 {main}
REQUEST_URI=/wdblog/
---
2012/12/21 05:33:26 [error] [exception.CDbException] exception 'CDbException' with message 'CDbConnection failed to open the DB connection: SQLSTATE[28000] [1045] Access denied for user 'root'@'localhost' (using password: NO)' in D:\PHPnow\htdocs\yii\framework\db\CDbConnection.php:381
Stack trace:
#0 D:\PHPnow\htdocs\yii\framework\db\CDbConnection.php(330): CDbConnection->open()
#1 D:\PHPnow\htdocs\yii\framework\db\CDbConnection.php(308): CDbConnection->setActive(true)
#2 D:\PHPnow\htdocs\yii\framework\base\CModule.php(387): CDbConnection->init()
#3 D:\PHPnow\htdocs\yii\framework\base\CApplication.php(438): CModule->getComponent('db')
#4 D:\PHPnow\htdocs\yii\framework\db\ar\CActiveRecord.php(623): CApplication->getDb()
#5 D:\PHPnow\htdocs\yii\framework\db\ar\CActiveRecord.php(2309): CActiveRecord->getDbConnection()
#6 D:\PHPnow\htdocs\yii\framework\db\ar\CActiveRecord.php(387): CActiveRecordMetaData->__construct(Object(Posts))
#7 D:\PHPnow\htdocs\yii\framework\web\CActiveDataProvider.php(74): CActiveRecord::model('Posts')
#8 D:\PHPnow\htdocs\wdblog\protected\controllers\PostsController.php(145): CActiveDataProvider->__construct('Posts', Array)
#9 D:\PHPnow\htdocs\yii\framework\web\actions\CInlineAction.php(49): PostsController->actionIndex()
#10 D:\PHPnow\htdocs\yii\framework\web\CController.php(308): CInlineAction->runWithParams(Array)
#11 D:\PHPnow\htdocs\yii\framework\web\filters\CFilterChain.php(133): CController->runAction(Object(CInlineAction))
#12 D:\PHPnow\htdocs\yii\framework\web\filters\CFilter.php(40): CFilterChain->run()
#13 D:\PHPnow\htdocs\yii\framework\web\CController.php(1145): CFilter->filter(Object(CFilterChain))
#14 D:\PHPnow\htdocs\yii\framework\web\filters\CInlineFilter.php(58): CController->filterAccessControl(Object(CFilterChain))
#15 D:\PHPnow\htdocs\yii\framework\web\filters\CFilterChain.php(130): CInlineFilter->filter(Object(CFilterChain))
#16 D:\PHPnow\htdocs\yii\framework\web\CController.php(291): CFilterChain->run()
#17 D:\PHPnow\htdocs\yii\framework\web\CController.php(265): CController->runActionWithFilters(Object(CInlineAction), Array)
#18 D:\PHPnow\htdocs\yii\framework\web\CWebApplication.php(282): CController->run('')
#19 D:\PHPnow\htdocs\yii\framework\web\CWebApplication.php(141): CWebApplication->runController('')
#20 D:\PHPnow\htdocs\yii\framework\base\CApplication.php(169): CWebApplication->processRequest()
#21 D:\PHPnow\htdocs\wdblog\index.php(13): CApplication->run()
#22 {main}
REQUEST_URI=/wdblog/
---
2012/12/21 05:34:10 [error] [exception.CDbException] exception 'CDbException' with message 'CDbConnection failed to open the DB connection: SQLSTATE[28000] [1045] Access denied for user 'root'@'localhost' (using password: NO)' in D:\PHPnow\htdocs\yii\framework\db\CDbConnection.php:381
Stack trace:
#0 D:\PHPnow\htdocs\yii\framework\db\CDbConnection.php(330): CDbConnection->open()
#1 D:\PHPnow\htdocs\yii\framework\db\CDbConnection.php(308): CDbConnection->setActive(true)
#2 D:\PHPnow\htdocs\yii\framework\base\CModule.php(387): CDbConnection->init()
#3 D:\PHPnow\htdocs\yii\framework\base\CApplication.php(438): CModule->getComponent('db')
#4 D:\PHPnow\htdocs\yii\framework\db\ar\CActiveRecord.php(623): CApplication->getDb()
#5 D:\PHPnow\htdocs\yii\framework\db\ar\CActiveRecord.php(2309): CActiveRecord->getDbConnection()
#6 D:\PHPnow\htdocs\yii\framework\db\ar\CActiveRecord.php(387): CActiveRecordMetaData->__construct(Object(Posts))
#7 D:\PHPnow\htdocs\yii\framework\web\CActiveDataProvider.php(74): CActiveRecord::model('Posts')
#8 D:\PHPnow\htdocs\wdblog\protected\controllers\PostsController.php(145): CActiveDataProvider->__construct('Posts', Array)
#9 D:\PHPnow\htdocs\yii\framework\web\actions\CInlineAction.php(49): PostsController->actionIndex()
#10 D:\PHPnow\htdocs\yii\framework\web\CController.php(308): CInlineAction->runWithParams(Array)
#11 D:\PHPnow\htdocs\yii\framework\web\filters\CFilterChain.php(133): CController->runAction(Object(CInlineAction))
#12 D:\PHPnow\htdocs\yii\framework\web\filters\CFilter.php(40): CFilterChain->run()
#13 D:\PHPnow\htdocs\yii\framework\web\CController.php(1145): CFilter->filter(Object(CFilterChain))
#14 D:\PHPnow\htdocs\yii\framework\web\filters\CInlineFilter.php(58): CController->filterAccessControl(Object(CFilterChain))
#15 D:\PHPnow\htdocs\yii\framework\web\filters\CFilterChain.php(130): CInlineFilter->filter(Object(CFilterChain))
#16 D:\PHPnow\htdocs\yii\framework\web\CController.php(291): CFilterChain->run()
#17 D:\PHPnow\htdocs\yii\framework\web\CController.php(265): CController->runActionWithFilters(Object(CInlineAction), Array)
#18 D:\PHPnow\htdocs\yii\framework\web\CWebApplication.php(282): CController->run('')
#19 D:\PHPnow\htdocs\yii\framework\web\CWebApplication.php(141): CWebApplication->runController('')
#20 D:\PHPnow\htdocs\yii\framework\base\CApplication.php(169): CWebApplication->processRequest()
#21 D:\PHPnow\htdocs\wdblog\index.php(13): CApplication->run()
#22 {main}
REQUEST_URI=/wdblog/
---
2012/12/21 05:35:13 [error] [exception.CDbException] exception 'CDbException' with message 'CDbConnection failed to open the DB connection: SQLSTATE[42000] [1049] Unknown database 'wdblog'' in D:\PHPnow\htdocs\yii\framework\db\CDbConnection.php:381
Stack trace:
#0 D:\PHPnow\htdocs\yii\framework\db\CDbConnection.php(330): CDbConnection->open()
#1 D:\PHPnow\htdocs\yii\framework\db\CDbConnection.php(308): CDbConnection->setActive(true)
#2 D:\PHPnow\htdocs\yii\framework\base\CModule.php(387): CDbConnection->init()
#3 D:\PHPnow\htdocs\yii\framework\base\CApplication.php(438): CModule->getComponent('db')
#4 D:\PHPnow\htdocs\yii\framework\db\ar\CActiveRecord.php(623): CApplication->getDb()
#5 D:\PHPnow\htdocs\yii\framework\db\ar\CActiveRecord.php(2309): CActiveRecord->getDbConnection()
#6 D:\PHPnow\htdocs\yii\framework\db\ar\CActiveRecord.php(387): CActiveRecordMetaData->__construct(Object(Posts))
#7 D:\PHPnow\htdocs\yii\framework\web\CActiveDataProvider.php(74): CActiveRecord::model('Posts')
#8 D:\PHPnow\htdocs\wdblog\protected\controllers\PostsController.php(145): CActiveDataProvider->__construct('Posts', Array)
#9 D:\PHPnow\htdocs\yii\framework\web\actions\CInlineAction.php(49): PostsController->actionIndex()
#10 D:\PHPnow\htdocs\yii\framework\web\CController.php(308): CInlineAction->runWithParams(Array)
#11 D:\PHPnow\htdocs\yii\framework\web\filters\CFilterChain.php(133): CController->runAction(Object(CInlineAction))
#12 D:\PHPnow\htdocs\yii\framework\web\filters\CFilter.php(40): CFilterChain->run()
#13 D:\PHPnow\htdocs\yii\framework\web\CController.php(1145): CFilter->filter(Object(CFilterChain))
#14 D:\PHPnow\htdocs\yii\framework\web\filters\CInlineFilter.php(58): CController->filterAccessControl(Object(CFilterChain))
#15 D:\PHPnow\htdocs\yii\framework\web\filters\CFilterChain.php(130): CInlineFilter->filter(Object(CFilterChain))
#16 D:\PHPnow\htdocs\yii\framework\web\CController.php(291): CFilterChain->run()
#17 D:\PHPnow\htdocs\yii\framework\web\CController.php(265): CController->runActionWithFilters(Object(CInlineAction), Array)
#18 D:\PHPnow\htdocs\yii\framework\web\CWebApplication.php(282): CController->run('')
#19 D:\PHPnow\htdocs\yii\framework\web\CWebApplication.php(141): CWebApplication->runController('')
#20 D:\PHPnow\htdocs\yii\framework\base\CApplication.php(169): CWebApplication->processRequest()
#21 D:\PHPnow\htdocs\wdblog\index.php(13): CApplication->run()
#22 {main}
REQUEST_URI=/wdblog/
---
<<<<<<< HEAD
2012/12/21 06:07:49 [error] [exception.CException] exception 'CException' with message '属性 "Posts.updated" 未被定义.' in D:\PHPnow\htdocs\yii\framework\base\CComponent.php:173
Stack trace:
#0 D:\PHPnow\htdocs\yii\framework\db\ar\CActiveRecord.php(159): CComponent->__set('updated', '2012-12-21 06:0...')
#1 D:\PHPnow\htdocs\wdblog\protected\models\Posts.php(144): CActiveRecord->__set('updated', '2012-12-21 06:0...')
#2 D:\PHPnow\htdocs\yii\framework\db\ar\CActiveRecord.php(1017): Posts->beforeSave()
#3 D:\PHPnow\htdocs\yii\framework\db\ar\CActiveRecord.php(795): CActiveRecord->insert(NULL)
#4 D:\PHPnow\htdocs\wdblog\protected\controllers\PostsController.php(69): CActiveRecord->save()
#5 D:\PHPnow\htdocs\yii\framework\web\actions\CInlineAction.php(49): PostsController->actionCreate()
#6 D:\PHPnow\htdocs\yii\framework\web\CController.php(308): CInlineAction->runWithParams(Array)
#7 D:\PHPnow\htdocs\yii\framework\web\filters\CFilterChain.php(133): CController->runAction(Object(CInlineAction))
#8 D:\PHPnow\htdocs\yii\framework\web\filters\CFilter.php(40): CFilterChain->run()
#9 D:\PHPnow\htdocs\yii\framework\web\CController.php(1145): CFilter->filter(Object(CFilterChain))
#10 D:\PHPnow\htdocs\yii\framework\web\filters\CInlineFilter.php(58): CController->filterAccessControl(Object(CFilterChain))
#11 D:\PHPnow\htdocs\yii\framework\web\filters\CFilterChain.php(130): CInlineFilter->filter(Object(CFilterChain))
#12 D:\PHPnow\htdocs\yii\framework\web\CController.php(291): CFilterChain->run()
#13 D:\PHPnow\htdocs\yii\framework\web\CController.php(265): CController->runActionWithFilters(Object(CInlineAction), Array)
#14 D:\PHPnow\htdocs\yii\framework\web\CWebApplication.php(282): CController->run('create')
#15 D:\PHPnow\htdocs\yii\framework\web\CWebApplication.php(141): CWebApplication->runController('posts/create')
#16 D:\PHPnow\htdocs\yii\framework\base\CApplication.php(169): CWebApplication->processRequest()
#17 D:\PHPnow\htdocs\wdblog\index.php(13): CApplication->run()
#18 {main}
REQUEST_URI=/wdblog/index.php?r=posts/create
HTTP_REFERER=http://localhost/wdblog/index.php?r=posts/create
---
=======
2013/01/04 15:14:15 [error] [php] Undefined variable: data (C:\xampp\htdocs\wdblog\protected\views\posts\admin.php:26)
Stack trace:
#0 C:\xampp\htdocs\wdblog\yii\framework\web\CController.php(869): PostsController->renderFile()
#1 C:\xampp\htdocs\wdblog\yii\framework\web\CController.php(782): PostsController->renderPartial()
#2 C:\xampp\htdocs\wdblog\protected\controllers\PostsController.php(164): PostsController->render()
#3 C:\xampp\htdocs\wdblog\yii\framework\web\actions\CInlineAction.php(49): PostsController->actionAdmin()
#4 C:\xampp\htdocs\wdblog\yii\framework\web\CController.php(308): CInlineAction->runWithParams()
#5 C:\xampp\htdocs\wdblog\yii\framework\web\filters\CFilterChain.php(133): PostsController->runAction()
#6 C:\xampp\htdocs\wdblog\yii\framework\web\filters\CFilter.php(40): CFilterChain->run()
#7 C:\xampp\htdocs\wdblog\yii\framework\web\CController.php(1145): CAccessControlFilter->filter()
#8 C:\xampp\htdocs\wdblog\yii\framework\web\filters\CInlineFilter.php(58): PostsController->filterAccessControl()
#9 C:\xampp\htdocs\wdblog\yii\framework\web\filters\CFilterChain.php(130): CInlineFilter->filter()
#10 C:\xampp\htdocs\wdblog\yii\framework\web\CController.php(291): CFilterChain->run()
#11 C:\xampp\htdocs\wdblog\yii\framework\web\CController.php(265): PostsController->runActionWithFilters()
#12 C:\xampp\htdocs\wdblog\yii\framework\web\CWebApplication.php(282): PostsController->run()
#13 C:\xampp\htdocs\wdblog\yii\framework\web\CWebApplication.php(141): CWebApplication->runController()
#14 C:\xampp\htdocs\wdblog\yii\framework\base\CApplication.php(169): CWebApplication->processRequest()
#15 C:\xampp\htdocs\wdblog\index.php(13): CWebApplication->run()
REQUEST_URI=/wdblog/index.php?r=posts%2Fadmin&Posts_sort=created&ajax=posts-grid
in C:\xampp\htdocs\wdblog\protected\views\posts\admin.php (26)
in C:\xampp\htdocs\wdblog\protected\controllers\PostsController.php (164)
in C:\xampp\htdocs\wdblog\index.php (13)
>>>>>>> origin/master
2013/01/06 10:58:29 [error] [php] Undefined variable: items (D:\PHPnow\htdocs\wdblog\protected\views\posts\create.php:10)
Stack trace:
#0 D:\PHPnow\htdocs\wdblog\yii\framework\web\CController.php(869): PostsController->renderFile()
#1 D:\PHPnow\htdocs\wdblog\yii\framework\web\CController.php(782): PostsController->renderPartial()
#2 D:\PHPnow\htdocs\wdblog\protected\controllers\PostsController.php(81): PostsController->render()
#3 D:\PHPnow\htdocs\wdblog\yii\framework\web\actions\CInlineAction.php(49): PostsController->actionCreate()
#4 D:\PHPnow\htdocs\wdblog\yii\framework\web\CController.php(308): CInlineAction->runWithParams()
#5 D:\PHPnow\htdocs\wdblog\yii\framework\web\filters\CFilterChain.php(133): PostsController->runAction()
#6 D:\PHPnow\htdocs\wdblog\yii\framework\web\filters\CFilter.php(40): CFilterChain->run()
#7 D:\PHPnow\htdocs\wdblog\yii\framework\web\CController.php(1145): CAccessControlFilter->filter()
#8 D:\PHPnow\htdocs\wdblog\yii\framework\web\filters\CInlineFilter.php(58): PostsController->filterAccessControl()
#9 D:\PHPnow\htdocs\wdblog\yii\framework\web\filters\CFilterChain.php(130): CInlineFilter->filter()
#10 D:\PHPnow\htdocs\wdblog\yii\framework\web\CController.php(291): CFilterChain->run()
#11 D:\PHPnow\htdocs\wdblog\yii\framework\web\CController.php(265): PostsController->runActionWithFilters()
#12 D:\PHPnow\htdocs\wdblog\yii\framework\web\CWebApplication.php(282): PostsController->run()
#13 D:\PHPnow\htdocs\wdblog\yii\framework\web\CWebApplication.php(141): CWebApplication->runController()
#14 D:\PHPnow\htdocs\wdblog\yii\framework\base\CApplication.php(169): CWebApplication->processRequest()
#15 D:\PHPnow\htdocs\wdblog\index.php(13): CWebApplication->run()
REQUEST_URI=/wdblog/index.php?r=posts/create
in D:\PHPnow\htdocs\wdblog\protected\views\posts\create.php (10)
in D:\PHPnow\htdocs\wdblog\protected\controllers\PostsController.php (81)
in D:\PHPnow\htdocs\wdblog\index.php (13)
2013/01/06 10:59:25 [error] [php] Undefined variable: items (D:\PHPnow\htdocs\wdblog\protected\views\posts\_form.php:12)
Stack trace:
#0 D:\PHPnow\htdocs\wdblog\yii\framework\web\CController.php(869): PostsController->renderFile()
#1 D:\PHPnow\htdocs\wdblog\protected\views\posts\create.php(10): PostsController->renderPartial()
#2 D:\PHPnow\htdocs\wdblog\yii\framework\web\CBaseController.php(126): require()
#3 D:\PHPnow\htdocs\wdblog\yii\framework\web\CBaseController.php(95): PostsController->renderInternal()
#4 D:\PHPnow\htdocs\wdblog\yii\framework\web\CController.php(869): PostsController->renderFile()
#5 D:\PHPnow\htdocs\wdblog\yii\framework\web\CController.php(782): PostsController->renderPartial()
#6 D:\PHPnow\htdocs\wdblog\protected\controllers\PostsController.php(82): PostsController->render()
#7 D:\PHPnow\htdocs\wdblog\yii\framework\web\actions\CInlineAction.php(49): PostsController->actionCreate()
#8 D:\PHPnow\htdocs\wdblog\yii\framework\web\CController.php(308): CInlineAction->runWithParams()
#9 D:\PHPnow\htdocs\wdblog\yii\framework\web\filters\CFilterChain.php(133): PostsController->runAction()
#10 D:\PHPnow\htdocs\wdblog\yii\framework\web\filters\CFilter.php(40): CFilterChain->run()
#11 D:\PHPnow\htdocs\wdblog\yii\framework\web\CController.php(1145): CAccessControlFilter->filter()
#12 D:\PHPnow\htdocs\wdblog\yii\framework\web\filters\CInlineFilter.php(58): PostsController->filterAccessControl()
#13 D:\PHPnow\htdocs\wdblog\yii\framework\web\filters\CFilterChain.php(130): CInlineFilter->filter()
#14 D:\PHPnow\htdocs\wdblog\yii\framework\web\CController.php(291): CFilterChain->run()
#15 D:\PHPnow\htdocs\wdblog\yii\framework\web\CController.php(265): PostsController->runActionWithFilters()
#16 D:\PHPnow\htdocs\wdblog\yii\framework\web\CWebApplication.php(282): PostsController->run()
#17 D:\PHPnow\htdocs\wdblog\yii\framework\web\CWebApplication.php(141): CWebApplication->runController()
#18 D:\PHPnow\htdocs\wdblog\yii\framework\base\CApplication.php(169): CWebApplication->processRequest()
#19 D:\PHPnow\htdocs\wdblog\index.php(13): CWebApplication->run()
REQUEST_URI=/wdblog/index.php?r=posts/create
in D:\PHPnow\htdocs\wdblog\protected\views\posts\_form.php (12)
in D:\PHPnow\htdocs\wdblog\protected\views\posts\create.php (10)
in D:\PHPnow\htdocs\wdblog\protected\controllers\PostsController.php (82)
2013/01/06 10:59:55 [error] [php] Undefined variable: items (D:\PHPnow\htdocs\wdblog\protected\views\posts\_form.php:12)
Stack trace:
#0 D:\PHPnow\htdocs\wdblog\yii\framework\web\CController.php(869): PostsController->renderFile()
#1 D:\PHPnow\htdocs\wdblog\protected\views\posts\create.php(10): PostsController->renderPartial()
#2 D:\PHPnow\htdocs\wdblog\yii\framework\web\CBaseController.php(126): require()
#3 D:\PHPnow\htdocs\wdblog\yii\framework\web\CBaseController.php(95): PostsController->renderInternal()
#4 D:\PHPnow\htdocs\wdblog\yii\framework\web\CController.php(869): PostsController->renderFile()
#5 D:\PHPnow\htdocs\wdblog\yii\framework\web\CController.php(782): PostsController->renderPartial()
#6 D:\PHPnow\htdocs\wdblog\protected\controllers\PostsController.php(82): PostsController->render()
#7 D:\PHPnow\htdocs\wdblog\yii\framework\web\actions\CInlineAction.php(49): PostsController->actionCreate()
#8 D:\PHPnow\htdocs\wdblog\yii\framework\web\CController.php(308): CInlineAction->runWithParams()
#9 D:\PHPnow\htdocs\wdblog\yii\framework\web\filters\CFilterChain.php(133): PostsController->runAction()
#10 D:\PHPnow\htdocs\wdblog\yii\framework\web\filters\CFilter.php(40): CFilterChain->run()
#11 D:\PHPnow\htdocs\wdblog\yii\framework\web\CController.php(1145): CAccessControlFilter->filter()
#12 D:\PHPnow\htdocs\wdblog\yii\framework\web\filters\CInlineFilter.php(58): PostsController->filterAccessControl()
#13 D:\PHPnow\htdocs\wdblog\yii\framework\web\filters\CFilterChain.php(130): CInlineFilter->filter()
#14 D:\PHPnow\htdocs\wdblog\yii\framework\web\CController.php(291): CFilterChain->run()
#15 D:\PHPnow\htdocs\wdblog\yii\framework\web\CController.php(265): PostsController->runActionWithFilters()
#16 D:\PHPnow\htdocs\wdblog\yii\framework\web\CWebApplication.php(282): PostsController->run()
#17 D:\PHPnow\htdocs\wdblog\yii\framework\web\CWebApplication.php(141): CWebApplication->runController()
#18 D:\PHPnow\htdocs\wdblog\yii\framework\base\CApplication.php(169): CWebApplication->processRequest()
#19 D:\PHPnow\htdocs\wdblog\index.php(13): CWebApplication->run()
REQUEST_URI=/wdblog/index.php?r=posts/create
in D:\PHPnow\htdocs\wdblog\protected\views\posts\_form.php (12)
in D:\PHPnow\htdocs\wdblog\protected\views\posts\create.php (10)
in D:\PHPnow\htdocs\wdblog\protected\controllers\PostsController.php (82)
2013/01/06 11:03:39 [error] [php] Undefined variable: items (D:\PHPnow\htdocs\wdblog\protected\views\posts\_form.php:12)
Stack trace:
#0 D:\PHPnow\htdocs\wdblog\yii\framework\web\CController.php(869): PostsController->renderFile()
#1 D:\PHPnow\htdocs\wdblog\protected\views\posts\create.php(10): PostsController->renderPartial()
#2 D:\PHPnow\htdocs\wdblog\yii\framework\web\CBaseController.php(126): require()
#3 D:\PHPnow\htdocs\wdblog\yii\framework\web\CBaseController.php(95): PostsController->renderInternal()
#4 D:\PHPnow\htdocs\wdblog\yii\framework\web\CController.php(869): PostsController->renderFile()
#5 D:\PHPnow\htdocs\wdblog\yii\framework\web\CController.php(782): PostsController->renderPartial()
#6 D:\PHPnow\htdocs\wdblog\protected\controllers\PostsController.php(82): PostsController->render()
#7 D:\PHPnow\htdocs\wdblog\yii\framework\web\actions\CInlineAction.php(49): PostsController->actionCreate()
#8 D:\PHPnow\htdocs\wdblog\yii\framework\web\CController.php(308): CInlineAction->runWithParams()
#9 D:\PHPnow\htdocs\wdblog\yii\framework\web\filters\CFilterChain.php(133): PostsController->runAction()
#10 D:\PHPnow\htdocs\wdblog\yii\framework\web\filters\CFilter.php(40): CFilterChain->run()
#11 D:\PHPnow\htdocs\wdblog\yii\framework\web\CController.php(1145): CAccessControlFilter->filter()
#12 D:\PHPnow\htdocs\wdblog\yii\framework\web\filters\CInlineFilter.php(58): PostsController->filterAccessControl()
#13 D:\PHPnow\htdocs\wdblog\yii\framework\web\filters\CFilterChain.php(130): CInlineFilter->filter()
#14 D:\PHPnow\htdocs\wdblog\yii\framework\web\CController.php(291): CFilterChain->run()
#15 D:\PHPnow\htdocs\wdblog\yii\framework\web\CController.php(265): PostsController->runActionWithFilters()
#16 D:\PHPnow\htdocs\wdblog\yii\framework\web\CWebApplication.php(282): PostsController->run()
#17 D:\PHPnow\htdocs\wdblog\yii\framework\web\CWebApplication.php(141): CWebApplication->runController()
#18 D:\PHPnow\htdocs\wdblog\yii\framework\base\CApplication.php(169): CWebApplication->processRequest()
#19 D:\PHPnow\htdocs\wdblog\index.php(13): CWebApplication->run()
REQUEST_URI=/wdblog/index.php?r=posts/create
in D:\PHPnow\htdocs\wdblog\protected\views\posts\_form.php (12)
in D:\PHPnow\htdocs\wdblog\protected\views\posts\create.php (10)
in D:\PHPnow\htdocs\wdblog\protected\controllers\PostsController.php (82)
2013/01/06 11:04:01 [error] [php] Undefined variable: items (D:\PHPnow\htdocs\wdblog\protected\views\posts\_form.php:12)
Stack trace:
#0 D:\PHPnow\htdocs\wdblog\yii\framework\web\CController.php(869): PostsController->renderFile()
#1 D:\PHPnow\htdocs\wdblog\protected\views\posts\create.php(10): PostsController->renderPartial()
#2 D:\PHPnow\htdocs\wdblog\yii\framework\web\CBaseController.php(126): require()
#3 D:\PHPnow\htdocs\wdblog\yii\framework\web\CBaseController.php(95): PostsController->renderInternal()
#4 D:\PHPnow\htdocs\wdblog\yii\framework\web\CController.php(869): PostsController->renderFile()
#5 D:\PHPnow\htdocs\wdblog\yii\framework\web\CController.php(782): PostsController->renderPartial()
#6 D:\PHPnow\htdocs\wdblog\protected\controllers\PostsController.php(82): PostsController->render()
#7 D:\PHPnow\htdocs\wdblog\yii\framework\web\actions\CInlineAction.php(49): PostsController->actionCreate()
#8 D:\PHPnow\htdocs\wdblog\yii\framework\web\CController.php(308): CInlineAction->runWithParams()
#9 D:\PHPnow\htdocs\wdblog\yii\framework\web\filters\CFilterChain.php(133): PostsController->runAction()
#10 D:\PHPnow\htdocs\wdblog\yii\framework\web\filters\CFilter.php(40): CFilterChain->run()
#11 D:\PHPnow\htdocs\wdblog\yii\framework\web\CController.php(1145): CAccessControlFilter->filter()
#12 D:\PHPnow\htdocs\wdblog\yii\framework\web\filters\CInlineFilter.php(58): PostsController->filterAccessControl()
#13 D:\PHPnow\htdocs\wdblog\yii\framework\web\filters\CFilterChain.php(130): CInlineFilter->filter()
#14 D:\PHPnow\htdocs\wdblog\yii\framework\web\CController.php(291): CFilterChain->run()
#15 D:\PHPnow\htdocs\wdblog\yii\framework\web\CController.php(265): PostsController->runActionWithFilters()
#16 D:\PHPnow\htdocs\wdblog\yii\framework\web\CWebApplication.php(282): PostsController->run()
#17 D:\PHPnow\htdocs\wdblog\yii\framework\web\CWebApplication.php(141): CWebApplication->runController()
#18 D:\PHPnow\htdocs\wdblog\yii\framework\base\CApplication.php(169): CWebApplication->processRequest()
#19 D:\PHPnow\htdocs\wdblog\index.php(13): CWebApplication->run()
REQUEST_URI=/wdblog/index.php?r=posts/create
in D:\PHPnow\htdocs\wdblog\protected\views\posts\_form.php (12)
in D:\PHPnow\htdocs\wdblog\protected\views\posts\create.php (10)
in D:\PHPnow\htdocs\wdblog\protected\controllers\PostsController.php (82)
2013/01/06 11:06:29 [error] [system.db.CDbCommand] CDbCommand::fetchAll() failed: SQLSTATE[42S22]: Column not found: 1054 Unknown column 'type' in 'where clause'. The SQL statement executed was: SELECT * FROM `wd_terms` `t` WHERE type=:type.
in D:\PHPnow\htdocs\wdblog\protected\models\Terms.php (103)
in D:\PHPnow\htdocs\wdblog\protected\models\Terms.php (86)
in D:\PHPnow\htdocs\wdblog\protected\views\posts\_form.php (12)
2013/01/06 11:06:30 [error] [exception.CDbException] exception 'CDbException' with message 'CDbCommand 无法执行 SQL 语句: SQLSTATE[42S22]: Column not found: 1054 Unknown column 'type' in 'where clause'. The SQL statement executed was: SELECT * FROM `wd_terms` `t` WHERE type=:type' in D:\PHPnow\htdocs\wdblog\yii\framework\db\CDbCommand.php:541
Stack trace:
#0 D:\PHPnow\htdocs\wdblog\yii\framework\db\CDbCommand.php(395): CDbCommand->queryInternal('fetchAll', Array, Array)
#1 D:\PHPnow\htdocs\wdblog\yii\framework\db\ar\CActiveRecord.php(1297): CDbCommand->queryAll()
#2 D:\PHPnow\htdocs\wdblog\yii\framework\db\ar\CActiveRecord.php(1416): CActiveRecord->query(Object(CDbCriteria), true)
#3 D:\PHPnow\htdocs\wdblog\protected\models\Terms.php(103): CActiveRecord->findAll(Array)
#4 D:\PHPnow\htdocs\wdblog\protected\models\Terms.php(86): Terms::loadItems('post')
#5 D:\PHPnow\htdocs\wdblog\protected\views\posts\_form.php(12): Terms::items('post')
#6 D:\PHPnow\htdocs\wdblog\yii\framework\web\CBaseController.php(126): require('D:\PHPnow\htdoc...')
#7 D:\PHPnow\htdocs\wdblog\yii\framework\web\CBaseController.php(95): CBaseController->renderInternal('D:\PHPnow\htdoc...', Array, true)
#8 D:\PHPnow\htdocs\wdblog\yii\framework\web\CController.php(869): CBaseController->renderFile('D:\PHPnow\htdoc...', Array, true)
#9 D:\PHPnow\htdocs\wdblog\protected\views\posts\create.php(10): CController->renderPartial('_form', Array)
#10 D:\PHPnow\htdocs\wdblog\yii\framework\web\CBaseController.php(126): require('D:\PHPnow\htdoc...')
#11 D:\PHPnow\htdocs\wdblog\yii\framework\web\CBaseController.php(95): CBaseController->renderInternal('D:\PHPnow\htdoc...', Array, true)
#12 D:\PHPnow\htdocs\wdblog\yii\framework\web\CController.php(869): CBaseController->renderFile('D:\PHPnow\htdoc...', Array, true)
#13 D:\PHPnow\htdocs\wdblog\yii\framework\web\CController.php(782): CController->renderPartial('create', Array, true)
#14 D:\PHPnow\htdocs\wdblog\protected\controllers\PostsController.php(82): CController->render('create', Array)
#15 D:\PHPnow\htdocs\wdblog\yii\framework\web\actions\CInlineAction.php(49): PostsController->actionCreate()
#16 D:\PHPnow\htdocs\wdblog\yii\framework\web\CController.php(308): CInlineAction->runWithParams(Array)
#17 D:\PHPnow\htdocs\wdblog\yii\framework\web\filters\CFilterChain.php(133): CController->runAction(Object(CInlineAction))
#18 D:\PHPnow\htdocs\wdblog\yii\framework\web\filters\CFilter.php(40): CFilterChain->run()
#19 D:\PHPnow\htdocs\wdblog\yii\framework\web\CController.php(1145): CFilter->filter(Object(CFilterChain))
#20 D:\PHPnow\htdocs\wdblog\yii\framework\web\filters\CInlineFilter.php(58): CController->filterAccessControl(Object(CFilterChain))
#21 D:\PHPnow\htdocs\wdblog\yii\framework\web\filters\CFilterChain.php(130): CInlineFilter->filter(Object(CFilterChain))
#22 D:\PHPnow\htdocs\wdblog\yii\framework\web\CController.php(291): CFilterChain->run()
#23 D:\PHPnow\htdocs\wdblog\yii\framework\web\CController.php(265): CController->runActionWithFilters(Object(CInlineAction), Array)
#24 D:\PHPnow\htdocs\wdblog\yii\framework\web\CWebApplication.php(282): CController->run('create')
#25 D:\PHPnow\htdocs\wdblog\yii\framework\web\CWebApplication.php(141): CWebApplication->runController('posts/create')
#26 D:\PHPnow\htdocs\wdblog\yii\framework\base\CApplication.php(169): CWebApplication->processRequest()
#27 D:\PHPnow\htdocs\wdblog\index.php(13): CApplication->run()
#28 {main}
REQUEST_URI=/wdblog/index.php?r=posts/create
HTTP_REFERER=http://localhost/wdblog/index.php?r=posts/index
---
2013/01/06 11:44:23 [error] [php] Trying to get property of non-object (D:\PHPnow\htdocs\wdblog\protected\controllers\PostsController.php:80)
Stack trace:
#0 D:\PHPnow\htdocs\wdblog\yii\framework\web\filters\CFilterChain.php(133): PostsController->runAction()
#1 D:\PHPnow\htdocs\wdblog\yii\framework\web\filters\CFilter.php(40): CFilterChain->run()
#2 D:\PHPnow\htdocs\wdblog\yii\framework\web\CController.php(1145): CAccessControlFilter->filter()
#3 D:\PHPnow\htdocs\wdblog\yii\framework\web\filters\CInlineFilter.php(58): PostsController->filterAccessControl()
#4 D:\PHPnow\htdocs\wdblog\yii\framework\web\filters\CFilterChain.php(130): CInlineFilter->filter()
#5 D:\PHPnow\htdocs\wdblog\yii\framework\web\CController.php(291): CFilterChain->run()
#6 D:\PHPnow\htdocs\wdblog\yii\framework\web\CController.php(265): PostsController->runActionWithFilters()
#7 D:\PHPnow\htdocs\wdblog\yii\framework\web\CWebApplication.php(282): PostsController->run()
#8 D:\PHPnow\htdocs\wdblog\yii\framework\web\CWebApplication.php(141): CWebApplication->runController()
#9 D:\PHPnow\htdocs\wdblog\yii\framework\base\CApplication.php(169): CWebApplication->processRequest()
#10 D:\PHPnow\htdocs\wdblog\index.php(13): CWebApplication->run()
REQUEST_URI=/wdblog/index.php?r=posts/create
in D:\PHPnow\htdocs\wdblog\protected\controllers\PostsController.php (80)
in D:\PHPnow\htdocs\wdblog\index.php (13)
2013/01/06 11:45:20 [error] [php] Undefined index:  term_id (D:\PHPnow\htdocs\wdblog\protected\controllers\PostsController.php:80)
Stack trace:
#0 D:\PHPnow\htdocs\wdblog\yii\framework\web\filters\CFilterChain.php(133): PostsController->runAction()
#1 D:\PHPnow\htdocs\wdblog\yii\framework\web\filters\CFilter.php(40): CFilterChain->run()
#2 D:\PHPnow\htdocs\wdblog\yii\framework\web\CController.php(1145): CAccessControlFilter->filter()
#3 D:\PHPnow\htdocs\wdblog\yii\framework\web\filters\CInlineFilter.php(58): PostsController->filterAccessControl()
#4 D:\PHPnow\htdocs\wdblog\yii\framework\web\filters\CFilterChain.php(130): CInlineFilter->filter()
#5 D:\PHPnow\htdocs\wdblog\yii\framework\web\CController.php(291): CFilterChain->run()
#6 D:\PHPnow\htdocs\wdblog\yii\framework\web\CController.php(265): PostsController->runActionWithFilters()
#7 D:\PHPnow\htdocs\wdblog\yii\framework\web\CWebApplication.php(282): PostsController->run()
#8 D:\PHPnow\htdocs\wdblog\yii\framework\web\CWebApplication.php(141): CWebApplication->runController()
#9 D:\PHPnow\htdocs\wdblog\yii\framework\base\CApplication.php(169): CWebApplication->processRequest()
#10 D:\PHPnow\htdocs\wdblog\index.php(13): CWebApplication->run()
REQUEST_URI=/wdblog/index.php?r=posts/create
in D:\PHPnow\htdocs\wdblog\protected\controllers\PostsController.php (80)
in D:\PHPnow\htdocs\wdblog\index.php (13)
2013/01/06 11:46:26 [error] [php] Undefined index:  TermRelationships (D:\PHPnow\htdocs\wdblog\protected\controllers\PostsController.php:66)
Stack trace:
#0 D:\PHPnow\htdocs\wdblog\yii\framework\web\filters\CFilterChain.php(133): PostsController->runAction()
#1 D:\PHPnow\htdocs\wdblog\yii\framework\web\filters\CFilter.php(40): CFilterChain->run()
#2 D:\PHPnow\htdocs\wdblog\yii\framework\web\CController.php(1145): CAccessControlFilter->filter()
#3 D:\PHPnow\htdocs\wdblog\yii\framework\web\filters\CInlineFilter.php(58): PostsController->filterAccessControl()
#4 D:\PHPnow\htdocs\wdblog\yii\framework\web\filters\CFilterChain.php(130): CInlineFilter->filter()
#5 D:\PHPnow\htdocs\wdblog\yii\framework\web\CController.php(291): CFilterChain->run()
#6 D:\PHPnow\htdocs\wdblog\yii\framework\web\CController.php(265): PostsController->runActionWithFilters()
#7 D:\PHPnow\htdocs\wdblog\yii\framework\web\CWebApplication.php(282): PostsController->run()
#8 D:\PHPnow\htdocs\wdblog\yii\framework\web\CWebApplication.php(141): CWebApplication->runController()
#9 D:\PHPnow\htdocs\wdblog\yii\framework\base\CApplication.php(169): CWebApplication->processRequest()
#10 D:\PHPnow\htdocs\wdblog\index.php(13): CWebApplication->run()
REQUEST_URI=/wdblog/index.php?r=posts/create
in D:\PHPnow\htdocs\wdblog\protected\controllers\PostsController.php (66)
in D:\PHPnow\htdocs\wdblog\index.php (13)
2013/01/06 11:51:54 [error] [system.db.CDbCommand] CDbCommand::execute() failed: SQLSTATE[23000]: Integrity constraint violation: 1062 Duplicate entry '1' for key 1. The SQL statement executed was: INSERT INTO `wd_term_relationships` (`object_id`, `term_id`) VALUES (:yp0, :yp1).
in D:\PHPnow\htdocs\wdblog\protected\models\TermRelationships.php (76)
in D:\PHPnow\htdocs\wdblog\protected\controllers\PostsController.php (81)
in D:\PHPnow\htdocs\wdblog\index.php (13)
2013/01/06 11:51:55 [error] [exception.CDbException] exception 'CDbException' with message 'CDbCommand 无法执行 SQL 语句: SQLSTATE[23000]: Integrity constraint violation: 1062 Duplicate entry '1' for key 1. The SQL statement executed was: INSERT INTO `wd_term_relationships` (`object_id`, `term_id`) VALUES (:yp0, :yp1)' in D:\PHPnow\htdocs\wdblog\yii\framework\db\CDbCommand.php:357
Stack trace:
#0 D:\PHPnow\htdocs\wdblog\yii\framework\db\ar\CActiveRecord.php(1023): CDbCommand->execute()
#1 D:\PHPnow\htdocs\wdblog\yii\framework\db\ar\CActiveRecord.php(795): CActiveRecord->insert(NULL)
#2 D:\PHPnow\htdocs\wdblog\protected\models\TermRelationships.php(76): CActiveRecord->save()
#3 D:\PHPnow\htdocs\wdblog\protected\controllers\PostsController.php(81): TermRelationships::addTerm('1', '2')
#4 D:\PHPnow\htdocs\wdblog\yii\framework\web\actions\CInlineAction.php(49): PostsController->actionCreate()
#5 D:\PHPnow\htdocs\wdblog\yii\framework\web\CController.php(308): CInlineAction->runWithParams(Array)
#6 D:\PHPnow\htdocs\wdblog\yii\framework\web\filters\CFilterChain.php(133): CController->runAction(Object(CInlineAction))
#7 D:\PHPnow\htdocs\wdblog\yii\framework\web\filters\CFilter.php(40): CFilterChain->run()
#8 D:\PHPnow\htdocs\wdblog\yii\framework\web\CController.php(1145): CFilter->filter(Object(CFilterChain))
#9 D:\PHPnow\htdocs\wdblog\yii\framework\web\filters\CInlineFilter.php(58): CController->filterAccessControl(Object(CFilterChain))
#10 D:\PHPnow\htdocs\wdblog\yii\framework\web\filters\CFilterChain.php(130): CInlineFilter->filter(Object(CFilterChain))
#11 D:\PHPnow\htdocs\wdblog\yii\framework\web\CController.php(291): CFilterChain->run()
#12 D:\PHPnow\htdocs\wdblog\yii\framework\web\CController.php(265): CController->runActionWithFilters(Object(CInlineAction), Array)
#13 D:\PHPnow\htdocs\wdblog\yii\framework\web\CWebApplication.php(282): CController->run('create')
#14 D:\PHPnow\htdocs\wdblog\yii\framework\web\CWebApplication.php(141): CWebApplication->runController('posts/create')
#15 D:\PHPnow\htdocs\wdblog\yii\framework\base\CApplication.php(169): CWebApplication->processRequest()
#16 D:\PHPnow\htdocs\wdblog\index.php(13): CApplication->run()
#17 {main}
REQUEST_URI=/wdblog/index.php?r=posts/create
HTTP_REFERER=http://localhost/wdblog/index.php?r=posts/create
---
